Get-Date
External IP: 153.110.241.231
Region
eu-west-2
Zach-VPC
VPC ID : vpc-2d730244
Zach-IGW
Internet Gateway ID : igw-60991f09
Zach-Main Route Table
Route Table ID : rtb-1a591b73
Zach-Public Subnet	1
Public Subnet 1 ID : subnet-11c4a46a
Zach-Public Subnet	2
Public Subnet 2 ID : subnet-29d66964
Zach-Private Subnet 2
Private Subnet1 ID : subnet-10c4a46b
Elastic
EIP Address: 35.176.207.116
Zach-NAT
NAT Gateway ID : nat-055543f543ac11e4c
Zach-Main Route Table
Public Route Table ID : rtb-1a591b73
Zach-Private Route Table
Private Route Table ID : rtb-6e591b07
Zach-WebServer-AG

Zach-Private 1
i-0391c43c856de81b3
Zach-Public 1
i-0cb59783bec4ff59a
Zach-Public 2
i-004698be4728c74c9
Zach-ELB

