Get-Date
External IP: 153.110.241.231
Region
eu-west-2
Zach-VPC
VPC ID : vpc-850f7eec
Zach-IGW
Internet Gateway ID : igw-f39e189a
Zach-Main Route Table
Route Table ID : rtb-d65311bf
Zach-Public Subnet	1
Public Subnet 1 ID : subnet-e2ff9f99
Zach-Public Subnet	2
Public Subnet 2 ID : subnet-52d9661f
Zach-Private Subnet 2
Private Subnet1 ID : subnet-f6fe9e8d
Elastic
EIP Address: 35.177.254.104
Zach-NAT
NAT Gateway ID : nat-08dcbab6f16a26d9a
Zach-Main Route Table
Public Route Table ID : rtb-d65311bf
Zach-Private Route Table
Private Route Table ID : rtb-8b5012e2
Zach-WebServer-AG

Zach-Private 1
i-0722f5cc767ae6490
Zach-Public 1
i-0ca4bc0bb925c9de1
Zach-Public 2
i-023d33526981efe9b
Zach-ELB

